[2025-02-26 - 13:47:26] > Démarrage de Express...
[2025-02-26 - 13:47:26] > Express chargé
[2025-02-26 - 13:48:49] > Démarrage de Express...
[2025-02-26 - 13:48:49] > Express chargé
[2025-02-26 - 13:49:02] > Démarrage de Express...
[2025-02-26 - 13:49:02] > Express chargé
[2025-02-26 - 13:49:35] > Démarrage de Express...
[2025-02-26 - 13:49:35] > Express chargé
[2025-02-26 - 13:49:42] > Démarrage de Express...
[2025-02-26 - 13:49:42] > Express chargé
[2025-02-26 - 13:52:37] > Démarrage de Express...
[2025-02-26 - 13:52:37] > Express chargé
[2025-02-26 - 13:52:55] > Démarrage de Express...
[2025-02-26 - 13:52:55] > Express chargé
[2025-02-26 - 13:59:29] > 
[2025-02-26 - 14:06:27] > 
[2025-02-26 - 14:11:16] > Démarrage de Express...
[2025-02-26 - 14:11:16] > Express chargé
[2025-02-26 - 14:11:17] > Démarrage de Express...
[2025-02-26 - 14:11:17] > Express chargé
[2025-02-26 - 14:12:17] > [object Promise]
[2025-02-26 - 14:12:17] > Démarrage de Express...
[2025-02-26 - 14:12:17] > Express chargé
[2025-02-26 - 14:18:02] > Configuration chargée : [object Object]
[2025-02-26 - 14:18:22] > Configuration chargée : 
[2025-02-26 - 14:18:35] > Configuration chargée : 
[2025-02-26 - 14:19:19] > Configuration chargée : [object Promise]
[2025-02-26 - 14:21:52] > Configuration chargée : [object Object]
[2025-02-26 - 14:24:37] > Démarrage de Express...
[2025-02-26 - 14:24:37] > Express chargé
[2025-02-26 - 14:32:26] > Démarrage de Express...
[2025-02-26 - 14:32:26] > Express chargé
[2025-02-26 - 14:32:26] > Serveur HTTPS en ligne sur https://transfer.silverdium.fr:84
[2025-02-26 - 14:33:44] > Démarrage de Express...
[2025-02-26 - 14:33:44] > Express chargé
[2025-02-26 - 14:33:44] > Serveur HTTPS en ligne sur https://transfer.silverdium.fr:84
[2025-02-26 - 14:34:19] > Démarrage de Express...
[2025-02-26 - 14:34:19] > Express chargé
[2025-02-26 - 14:34:19] > Serveur HTTPS en ligne sur https://transfer.silverdium.fr:84
[2025-02-26 - 14:34:26] > ____Réception d'une requête :  '//upload/yourmother'
[2025-02-26 - 14:34:26] > Fichier reçu, chiffrement en cours...
[2025-02-26 - 14:34:26] > Fichier enregistré et chiffré !
[2025-02-26 - 14:35:00] > Démarrage de Express...
[2025-02-26 - 14:35:01] > Express chargé
[2025-02-26 - 14:35:01] > Serveur HTTPS en ligne sur https://transfer.silverdium.fr:84
[2025-02-26 - 14:35:04] > ____Réception d'une requête :  '/t/aeedf99bf8f2ae24_t'
[2025-02-26 - 14:35:10] > ____Réception d'une requête :  '/data/aeedf99bf8f2ae24_t.html.enc'
[2025-02-26 - 14:35:10] > Erreur lors du déchiffrement : TypeError: Invalid initialization vector
[2025-02-26 - 18:45:22] > Démarrage de Express...
[2025-02-26 - 18:45:23] > Express chargé
[2025-02-26 - 18:45:23] > Serveur HTTPS en ligne sur https://transfer.silverdium.fr:84
[2025-02-26 - 18:46:49] > ____Réception d'une requête :  '//upload/yourmother'
[2025-02-26 - 18:46:49] > Fichier reçu, chiffrement en cours...
[2025-02-26 - 18:46:49] > Fichier enregistré et chiffré !
